#
# There is insufficient memory for the Java Runtime Environment to continue.
# Native memory allocation (malloc) failed to allocate 798000 bytes for Chunk::new
# Possible reasons:
#   The system is out of physical RAM or swap space
#   The process is running with CompressedOops enabled, and the Java Heap may be blocking the growth of the native heap
# Possible solutions:
#   Reduce memory load on the system
#   Increase physical memory or swap space
#   Check if swap backing store is full
#   Decrease Java heap size (-Xmx/-Xms)
#   Decrease number of Java threads
#   Decrease Java thread stack sizes (-Xss)
#   Set larger code cache with -XX:ReservedCodeCacheSize=
#   JVM is running with Unscaled Compressed Oops mode in which the Java heap is
#     placed in the first 4GB address space. The Java Heap base address is the
#     maximum limit for the native heap growth. Please use -XX:HeapBaseMinAddress
#     to set the Java Heap base and to place the Java Heap above 4GB virtual address.
# This output file may be truncated or incomplete.
#
#  Out of Memory Error (arena.cpp:168), pid=22500, tid=17528
#
# JRE version: Java(TM) SE Runtime Environment (21.0.4+8) (build 21.0.4+8-LTS-274)
# Java VM: Java HotSpot(TM) 64-Bit Server VM (21.0.4+8-LTS-274, mixed mode, sharing, tiered, compressed oops, compressed class ptrs, g1 gc, windows-amd64)
# No core dump will be written. Minidumps are not enabled by default on client versions of Windows
#

---------------  S U M M A R Y ------------

Command Line: -javaagent:C:\Program Files\JetBrains\IntelliJ IDEA Community Edition 2024.1.4\lib\idea_rt.jar=64778:C:\Program Files\JetBrains\IntelliJ IDEA Community Edition 2024.1.4\bin -Dfile.encoding=UTF-8 -Dsun.stdout.encoding=UTF-8 -Dsun.stderr.encoding=UTF-8 com.riwi.artemisa.ArtemisaEcommerceApiApplication

Host: Intel(R) Core(TM) i5-1035G4 CPU @ 1.10GHz, 8 cores, 3G,  Windows 11 , 64 bit Build 22621 (10.0.22621.3958)
Time: Mon Sep 16 07:02:03 2024 Hora est. Pacífico, Sudamérica elapsed time: 7.898178 seconds (0d 0h 0m 7s)

---------------  T H R E A D  ---------------

Current thread (0x000002201b2f4420):  JavaThread "C2 CompilerThread0" daemon [_thread_in_native, id=17528, stack(0x0000006386b00000,0x0000006386c00000) (1024K)]


Current CompileTask:
C2:   7898 4226       4       org.springframework.boot.context.properties.source.ConfigurationPropertyName$ElementsParser::parse (234 bytes)

Stack: [0x0000006386b00000,0x0000006386c00000]
Native frames: (J=compiled Java code, j=interpreted, Vv=VM code, C=native code)
V  [jvm.dll+0x6c8e59]
V  [jvm.dll+0x853181]
V  [jvm.dll+0x8556ae]
V  [jvm.dll+0x855d83]
V  [jvm.dll+0x27d526]
V  [jvm.dll+0xc4aad]
V  [jvm.dll+0xc4fe3]
V  [jvm.dll+0x3b400c]
V  [jvm.dll+0x1df0ba]
V  [jvm.dll+0x2463d2]
V  [jvm.dll+0x24585f]
V  [jvm.dll+0x1c69de]
V  [jvm.dll+0x254d49]
V  [jvm.dll+0x2532da]
V  [jvm.dll+0x3ed426]
V  [jvm.dll+0x7fd65b]
V  [jvm.dll+0x6c753d]
C  [ucrtbase.dll+0x29333]
C  [KERNEL32.DLL+0x1257d]
C  [ntdll.dll+0x5af28]


---------------  P R O C E S S  ---------------

Threads class SMR info:
_java_thread_list=0x000002201b699060, length=15, elements={
0x000002207fd422a0, 0x000002201b2dfee0, 0x000002201b2e0db0, 0x000002201b2e44f0,
0x000002201b2e8f60, 0x000002201b2ea4c0, 0x000002201b2ed540, 0x000002201b2f4420,
0x000002201b2f5550, 0x000002201b5305f0, 0x000002201b8882c0, 0x000002201b88c610,
0x00000220633f87c0, 0x00000220633f8e30, 0x00000220615eaeb0
}

Java Threads: ( => current thread )
  0x000002207fd422a0 JavaThread "main"                              [_thread_in_native, id=11528, stack(0x0000006385d00000,0x0000006385e00000) (1024K)]
  0x000002201b2dfee0 JavaThread "Reference Handler"          daemon [_thread_blocked, id=4516, stack(0x0000006386500000,0x0000006386600000) (1024K)]
  0x000002201b2e0db0 JavaThread "Finalizer"                  daemon [_thread_blocked, id=13516, stack(0x0000006386600000,0x0000006386700000) (1024K)]
  0x000002201b2e44f0 JavaThread "Signal Dispatcher"          daemon [_thread_blocked, id=13644, stack(0x0000006386700000,0x0000006386800000) (1024K)]
  0x000002201b2e8f60 JavaThread "Attach Listener"            daemon [_thread_blocked, id=12476, stack(0x0000006386800000,0x0000006386900000) (1024K)]
  0x000002201b2ea4c0 JavaThread "Service Thread"             daemon [_thread_blocked, id=22728, stack(0x0000006386900000,0x0000006386a00000) (1024K)]
  0x000002201b2ed540 JavaThread "Monitor Deflation Thread"   daemon [_thread_blocked, id=22824, stack(0x0000006386a00000,0x0000006386b00000) (1024K)]
=>0x000002201b2f4420 JavaThread "C2 CompilerThread0"         daemon [_thread_in_native, id=17528, stack(0x0000006386b00000,0x0000006386c00000) (1024K)]
  0x000002201b2f5550 JavaThread "C1 CompilerThread0"         daemon [_thread_blocked, id=22168, stack(0x0000006386c00000,0x0000006386d00000) (1024K)]
  0x000002201b5305f0 JavaThread "Common-Cleaner"             daemon [_thread_blocked, id=17680, stack(0x0000006386d00000,0x0000006386e00000) (1024K)]
  0x000002201b8882c0 JavaThread "Monitor Ctrl-Break"         daemon [_thread_in_native, id=9732, stack(0x0000006386e00000,0x0000006386f00000) (1024K)]
  0x000002201b88c610 JavaThread "Notification Thread"        daemon [_thread_blocked, id=11776, stack(0x0000006386f00000,0x0000006387000000) (1024K)]
  0x00000220633f87c0 JavaThread "Catalina-utility-1"                [_thread_blocked, id=22400, stack(0x0000006387800000,0x0000006387900000) (1024K)]
  0x00000220633f8e30 JavaThread "Catalina-utility-2"                [_thread_blocked, id=12648, stack(0x0000006387900000,0x0000006387a00000) (1024K)]
  0x00000220615eaeb0 JavaThread "container-0"                       [_thread_blocked, id=22792, stack(0x0000006387a00000,0x0000006387b00000) (1024K)]
Total: 15

Other Threads:
  0x000002201b2c4ab0 VMThread "VM Thread"                           [id=12536, stack(0x0000006386400000,0x0000006386500000) (1024K)]
  0x000002201b2ae970 WatcherThread "VM Periodic Task Thread"        [id=22744, stack(0x0000006386300000,0x0000006386400000) (1024K)]
  0x000002207fd7a6f0 WorkerThread "GC Thread#0"                     [id=12904, stack(0x0000006385e00000,0x0000006385f00000) (1024K)]
  0x000002206190dc40 WorkerThread "GC Thread#1"                     [id=18164, stack(0x0000006387000000,0x0000006387100000) (1024K)]
  0x000002206193d920 WorkerThread "GC Thread#2"                     [id=1952, stack(0x0000006387100000,0x0000006387200000) (1024K)]
  0x000002206193e140 WorkerThread "GC Thread#3"                     [id=5068, stack(0x0000006387200000,0x0000006387300000) (1024K)]
  0x00000220619462f0 WorkerThread "GC Thread#4"                     [id=13792, stack(0x0000006387300000,0x0000006387400000) (1024K)]
  0x000002206194b2d0 WorkerThread "GC Thread#5"                     [id=19732, stack(0x0000006387400000,0x0000006387500000) (1024K)]
  0x0000022061d62710 WorkerThread "GC Thread#6"                     [id=18992, stack(0x0000006387600000,0x0000006387700000) (1024K)]
  0x0000022061d62ec0 WorkerThread "GC Thread#7"                     [id=22812, stack(0x0000006387700000,0x0000006387800000) (1024K)]
  0x000002207fd83950 ConcurrentGCThread "G1 Main Marker"            [id=17524, stack(0x0000006385f00000,0x0000006386000000) (1024K)]
  0x000002207fd84af0 WorkerThread "G1 Conc#0"                       [id=14800, stack(0x0000006386000000,0x0000006386100000) (1024K)]
  0x00000220624d8430 WorkerThread "G1 Conc#1"                       [id=7108, stack(0x0000006387500000,0x0000006387600000) (1024K)]
  0x000002207fdf1320 ConcurrentGCThread "G1 Refine#0"               [id=5936, stack(0x0000006386100000,0x0000006386200000) (1024K)]
  0x000002207fdf1d90 ConcurrentGCThread "G1 Service"                [id=24556, stack(0x0000006386200000,0x0000006386300000) (1024K)]
Total: 15

Threads with active compile tasks:
C2 CompilerThread0     8166 4226       4       org.springframework.boot.context.properties.source.ConfigurationPropertyName$ElementsParser::parse (234 bytes)
Total: 1

VM state: not at safepoint (normal execution)

VM Mutex/Monitor currently owned by a thread: None

Heap address: 0x00000000c3200000, size: 974 MB, Compressed Oops mode: 32-bit

CDS archive(s) mapped at: [0x000002201c000000-0x000002201cc90000-0x000002201cc90000), size 13172736, SharedBaseAddress: 0x000002201c000000, ArchiveRelocationMode: 1.
Compressed class space mapped at: 0x000002201d000000-0x000002205d000000, reserved size: 1073741824
Narrow klass base: 0x000002201c000000, Narrow klass shift: 0, Narrow klass range: 0x100000000

GC Precious Log:
 CardTable entry size: 512
 Card Set container configuration: InlinePtr #cards 5 size 8 Array Of Cards #cards 12 size 40 Howl #buckets 4 coarsen threshold 1843 Howl Bitmap #cards 512 size 80 coarsen threshold 460 Card regions per heap region 1 cards per card region 2048
 CPUs: 8 total, 8 available
 Memory: 3891M
 Large Page Support: Disabled
 NUMA Support: Disabled
 Compressed Oops: Enabled (32-bit)
 Heap Region Size: 1M
 Heap Min Capacity: 8M
 Heap Initial Capacity: 62M
 Heap Max Capacity: 974M
 Pre-touch: Disabled
 Parallel Workers: 8
 Concurrent Workers: 2
 Concurrent Refinement Workers: 8
 Periodic GC: Disabled

Heap:
 garbage-first heap   total 55296K, used 40378K [0x00000000c3200000, 0x0000000100000000)
  region size 1024K, 25 young (25600K), 3 survivors (3072K)
 Metaspace       used 33904K, committed 34496K, reserved 1114112K
  class space    used 4329K, committed 4608K, reserved 1048576K

Heap Regions: E=young(eden), S=young(survivor), O=old, HS=humongous(starts), HC=humongous(continues), CS=collection set, F=free, TAMS=top-at-mark-start, PB=parsable bottom
|   0|0x00000000c3200000, 0x00000000c3300000, 0x00000000c3300000|100%|HS|  |TAMS 0x00000000c3200000| PB 0x00000000c3200000| Complete 
|   1|0x00000000c3300000, 0x00000000c3400000, 0x00000000c3400000|100%| O|  |TAMS 0x00000000c3300000| PB 0x00000000c3300000| Untracked 
|   2|0x00000000c3400000, 0x00000000c3500000, 0x00000000c3500000|100%| O|  |TAMS 0x00000000c3400000| PB 0x00000000c3400000| Untracked 
|   3|0x00000000c3500000, 0x00000000c3600000, 0x00000000c3600000|100%| O|  |TAMS 0x00000000c3500000| PB 0x00000000c3500000| Untracked 
|   4|0x00000000c3600000, 0x00000000c3700000, 0x00000000c3700000|100%| O|  |TAMS 0x00000000c3600000| PB 0x00000000c3600000| Untracked 
|   5|0x00000000c3700000, 0x00000000c3800000, 0x00000000c3800000|100%| O|  |TAMS 0x00000000c3700000| PB 0x00000000c3700000| Untracked 
|   6|0x00000000c3800000, 0x00000000c3900000, 0x00000000c3900000|100%| O|  |TAMS 0x00000000c3800000| PB 0x00000000c3800000| Untracked 
|   7|0x00000000c3900000, 0x00000000c3a00000, 0x00000000c3a00000|100%| O|  |TAMS 0x00000000c3900000| PB 0x00000000c3900000| Untracked 
|   8|0x00000000c3a00000, 0x00000000c3b00000, 0x00000000c3b00000|100%| O|  |TAMS 0x00000000c3a00000| PB 0x00000000c3a00000| Untracked 
|   9|0x00000000c3b00000, 0x00000000c3c00000, 0x00000000c3c00000|100%| O|  |TAMS 0x00000000c3b00000| PB 0x00000000c3b00000| Untracked 
|  10|0x00000000c3c00000, 0x00000000c3d00000, 0x00000000c3d00000|100%| O|  |TAMS 0x00000000c3c00000| PB 0x00000000c3c00000| Untracked 
|  11|0x00000000c3d00000, 0x00000000c3e00000, 0x00000000c3e00000|100%| O|  |TAMS 0x00000000c3d00000| PB 0x00000000c3d00000| Untracked 
|  12|0x00000000c3e00000, 0x00000000c3e00000, 0x00000000c3f00000|  0%| F|  |TAMS 0x00000000c3e00000| PB 0x00000000c3e00000| Untracked 
|  13|0x00000000c3f00000, 0x00000000c4000000, 0x00000000c4000000|100%| O|  |TAMS 0x00000000c3f00000| PB 0x00000000c3f00000| Untracked 
|  14|0x00000000c4000000, 0x00000000c4100000, 0x00000000c4100000|100%| O|  |TAMS 0x00000000c4000000| PB 0x00000000c4000000| Untracked 
|  15|0x00000000c4100000, 0x00000000c4200000, 0x00000000c4200000|100%| O|  |TAMS 0x00000000c4100000| PB 0x00000000c4100000| Untracked 
|  16|0x00000000c4200000, 0x00000000c4294ef0, 0x00000000c4300000| 58%| O|  |TAMS 0x00000000c4200000| PB 0x00000000c4200000| Untracked 
|  17|0x00000000c4300000, 0x00000000c4300000, 0x00000000c4400000|  0%| F|  |TAMS 0x00000000c4300000| PB 0x00000000c4300000| Untracked 
|  18|0x00000000c4400000, 0x00000000c4400000, 0x00000000c4500000|  0%| F|  |TAMS 0x00000000c4400000| PB 0x00000000c4400000| Untracked 
|  19|0x00000000c4500000, 0x00000000c4500000, 0x00000000c4600000|  0%| F|  |TAMS 0x00000000c4500000| PB 0x00000000c4500000| Untracked 
|  20|0x00000000c4600000, 0x00000000c4600000, 0x00000000c4700000|  0%| F|  |TAMS 0x00000000c4600000| PB 0x00000000c4600000| Untracked 
|  21|0x00000000c4700000, 0x00000000c4700000, 0x00000000c4800000|  0%| F|  |TAMS 0x00000000c4700000| PB 0x00000000c4700000| Untracked 
|  22|0x00000000c4800000, 0x00000000c4800000, 0x00000000c4900000|  0%| F|  |TAMS 0x00000000c4800000| PB 0x00000000c4800000| Untracked 
|  23|0x00000000c4900000, 0x00000000c4900000, 0x00000000c4a00000|  0%| F|  |TAMS 0x00000000c4900000| PB 0x00000000c4900000| Untracked 
|  24|0x00000000c4a00000, 0x00000000c4a00000, 0x00000000c4b00000|  0%| F|  |TAMS 0x00000000c4a00000| PB 0x00000000c4a00000| Untracked 
|  25|0x00000000c4b00000, 0x00000000c4b00000, 0x00000000c4c00000|  0%| F|  |TAMS 0x00000000c4b00000| PB 0x00000000c4b00000| Untracked 
|  26|0x00000000c4c00000, 0x00000000c4cd9ab8, 0x00000000c4d00000| 85%| S|CS|TAMS 0x00000000c4c00000| PB 0x00000000c4c00000| Complete 
|  27|0x00000000c4d00000, 0x00000000c4e00000, 0x00000000c4e00000|100%| S|CS|TAMS 0x00000000c4d00000| PB 0x00000000c4d00000| Complete 
|  28|0x00000000c4e00000, 0x00000000c4f00000, 0x00000000c4f00000|100%| S|CS|TAMS 0x00000000c4e00000| PB 0x00000000c4e00000| Complete 
|  29|0x00000000c4f00000, 0x00000000c4f00000, 0x00000000c5000000|  0%| F|  |TAMS 0x00000000c4f00000| PB 0x00000000c4f00000| Untracked 
|  30|0x00000000c5000000, 0x00000000c5000000, 0x00000000c5100000|  0%| F|  |TAMS 0x00000000c5000000| PB 0x00000000c5000000| Untracked 
|  31|0x00000000c5100000, 0x00000000c5100000, 0x00000000c5200000|  0%| F|  |TAMS 0x00000000c5100000| PB 0x00000000c5100000| Untracked 
|  32|0x00000000c5200000, 0x00000000c5300000, 0x00000000c5300000|100%| E|  |TAMS 0x00000000c5200000| PB 0x00000000c5200000| Complete 
|  33|0x00000000c5300000, 0x00000000c5400000, 0x00000000c5400000|100%| E|CS|TAMS 0x00000000c5300000| PB 0x00000000c5300000| Complete 
|  34|0x00000000c5400000, 0x00000000c5500000, 0x00000000c5500000|100%| E|CS|TAMS 0x00000000c5400000| PB 0x00000000c5400000| Complete 
|  35|0x00000000c5500000, 0x00000000c5600000, 0x00000000c5600000|100%| E|CS|TAMS 0x00000000c5500000| PB 0x00000000c5500000| Complete 
|  36|0x00000000c5600000, 0x00000000c5700000, 0x00000000c5700000|100%| E|CS|TAMS 0x00000000c5600000| PB 0x00000000c5600000| Complete 
|  37|0x00000000c5700000, 0x00000000c5800000, 0x00000000c5800000|100%| E|CS|TAMS 0x00000000c5700000| PB 0x00000000c5700000| Complete 
|  38|0x00000000c5800000, 0x00000000c5900000, 0x00000000c5900000|100%| E|CS|TAMS 0x00000000c5800000| PB 0x00000000c5800000| Complete 
|  39|0x00000000c5900000, 0x00000000c5a00000, 0x00000000c5a00000|100%| E|CS|TAMS 0x00000000c5900000| PB 0x00000000c5900000| Complete 
|  40|0x00000000c5a00000, 0x00000000c5b00000, 0x00000000c5b00000|100%| E|CS|TAMS 0x00000000c5a00000| PB 0x00000000c5a00000| Complete 
|  41|0x00000000c5b00000, 0x00000000c5c00000, 0x00000000c5c00000|100%| E|CS|TAMS 0x00000000c5b00000| PB 0x00000000c5b00000| Complete 
|  42|0x00000000c5c00000, 0x00000000c5d00000, 0x00000000c5d00000|100%| E|CS|TAMS 0x00000000c5c00000| PB 0x00000000c5c00000| Complete 
|  43|0x00000000c5d00000, 0x00000000c5e00000, 0x00000000c5e00000|100%| E|CS|TAMS 0x00000000c5d00000| PB 0x00000000c5d00000| Complete 
|  44|0x00000000c5e00000, 0x00000000c5f00000, 0x00000000c5f00000|100%| E|CS|TAMS 0x00000000c5e00000| PB 0x00000000c5e00000| Complete 
|  45|0x00000000c5f00000, 0x00000000c6000000, 0x00000000c6000000|100%| E|CS|TAMS 0x00000000c5f00000| PB 0x00000000c5f00000| Complete 
|  46|0x00000000c6000000, 0x00000000c6100000, 0x00000000c6100000|100%| E|CS|TAMS 0x00000000c6000000| PB 0x00000000c6000000| Complete 
|  47|0x00000000c6100000, 0x00000000c6200000, 0x00000000c6200000|100%| E|CS|TAMS 0x00000000c6100000| PB 0x00000000c6100000| Complete 
|  48|0x00000000c6200000, 0x00000000c6300000, 0x00000000c6300000|100%| E|CS|TAMS 0x00000000c6200000| PB 0x00000000c6200000| Complete 
|  49|0x00000000c6300000, 0x00000000c6400000, 0x00000000c6400000|100%| E|CS|TAMS 0x00000000c6300000| PB 0x00000000c6300000| Complete 
|  50|0x00000000c6400000, 0x00000000c6500000, 0x00000000c6500000|100%| E|CS|TAMS 0x00000000c6400000| PB 0x00000000c6400000| Complete 
|  52|0x00000000c6600000, 0x00000000c6700000, 0x00000000c6700000|100%| E|CS|TAMS 0x00000000c6600000| PB 0x00000000c6600000| Complete 
|  53|0x00000000c6700000, 0x00000000c6800000, 0x00000000c6800000|100%| E|CS|TAMS 0x00000000c6700000| PB 0x00000000c6700000| Complete 
|  61|0x00000000c6f00000, 0x00000000c7000000, 0x00000000c7000000|100%| E|CS|TAMS 0x00000000c6f00000| PB 0x00000000c6f00000| Complete 

Card table byte_map: [0x00000220177d0000,0x00000220179c0000] _byte_map_base: 0x00000220171b7000

Marking Bits: (CMBitMap*) 0x000002207fd7acf0
 Bits: [0x00000220179c0000, 0x00000220188f8000)

Polling page: 0x000002207f500000

Metaspace:

Usage:
  Non-class:     28.89 MB used.
      Class:      4.23 MB used.
       Both:     33.12 MB used.

Virtual space:
  Non-class space:       64.00 MB reserved,      29.19 MB ( 46%) committed,  1 nodes.
      Class space:        1.00 GB reserved,       4.50 MB ( <1%) committed,  1 nodes.
             Both:        1.06 GB reserved,      33.69 MB (  3%) committed. 

Chunk freelists:
   Non-Class:  2.20 MB
       Class:  11.33 MB
        Both:  13.53 MB

MaxMetaspaceSize: unlimited
CompressedClassSpaceSize: 1.00 GB
Initial GC threshold: 21.00 MB
Current GC threshold: 35.12 MB
CDS: on
 - commit_granule_bytes: 65536.
 - commit_granule_words: 8192.
 - virtual_space_node_default_size: 8388608.
 - enlarge_chunks_in_place: 1.
 - use_allocation_guard: 0.


Internal statistics:

num_allocs_failed_limit: 3.
num_arena_births: 698.
num_arena_deaths: 0.
num_vsnodes_births: 2.
num_vsnodes_deaths: 0.
num_space_committed: 539.
num_space_uncommitted: 0.
num_chunks_returned_to_freelist: 3.
num_chunks_taken_from_freelist: 1947.
num_chunk_merges: 3.
num_chunk_splits: 1318.
num_chunks_enlarged: 931.
num_inconsistent_stats: 0.

CodeHeap 'non-profiled nmethods': size=120000Kb used=2066Kb max_used=2066Kb free=117933Kb
 bounds [0x000002200fe80000, 0x00000220100f0000, 0x00000220173b0000]
CodeHeap 'profiled nmethods': size=120000Kb used=8755Kb max_used=8755Kb free=111244Kb
 bounds [0x00000220083b0000, 0x0000022008c40000, 0x000002200f8e0000]
CodeHeap 'non-nmethods': size=5760Kb used=1640Kb max_used=1668Kb free=4119Kb
 bounds [0x000002200f8e0000, 0x000002200fb50000, 0x000002200fe80000]
 total_blobs=4828 nmethods=4271 adapters=461
 compilation: enabled
              stopped_count=0, restarted_count=0
 full_count=0

Compilation events (20 events):
Event: 7.811 Thread 0x000002201b2f5550 4282       2       java.util.StringTokenizer::setMaxDelimCodePoint (156 bytes)
Event: 7.812 Thread 0x000002201b2f5550 nmethod 4282 0x0000022008c37610 code [0x0000022008c377e0, 0x0000022008c37d80]
Event: 7.812 Thread 0x000002201b2f5550 4281       2       org.springframework.core.io.support.PathMatchingResourcePatternResolver::lambda$doFindPathMatchingFileResources$2 (38 bytes)
Event: 7.812 Thread 0x000002201b2f5550 nmethod 4281 0x0000022008c38090 code [0x0000022008c38260, 0x0000022008c38590]
Event: 7.812 Thread 0x000002201b2f5550 4280       2       org.springframework.core.io.support.PathMatchingResourcePatternResolver$$Lambda/0x000002201d1ef268::test (20 bytes)
Event: 7.812 Thread 0x000002201b2f5550 nmethod 4280 0x0000022008c38790 code [0x0000022008c38940, 0x0000022008c38ad8]
Event: 7.812 Thread 0x000002201b2f5550 4284       2       java.util.StringTokenizer::<init> (52 bytes)
Event: 7.813 Thread 0x000002201b2f5550 nmethod 4284 0x0000022008c38b90 code [0x0000022008c38d40, 0x0000022008c38f58]
Event: 7.813 Thread 0x000002201b2f5550 4279       2       java.nio.file.Files::lambda$walk$1 (5 bytes)
Event: 7.813 Thread 0x000002201b2f5550 nmethod 4279 0x0000022008c39090 code [0x0000022008c39220, 0x0000022008c39310]
Event: 7.837 Thread 0x000002201b2f5550 4285       2       sun.nio.fs.WindowsPath$WindowsPathWithAttributes::compareTo (9 bytes)
Event: 7.837 Thread 0x000002201b2f5550 nmethod 4285 0x0000022008c39410 code [0x0000022008c395c0, 0x0000022008c39740]
Event: 7.838 Thread 0x000002201b2f5550 4286       2       org.springframework.core.io.support.PathMatchingResourcePatternResolver$$Lambda/0x000002201d1ef6f0::accept (14 bytes)
Event: 7.838 Thread 0x000002201b2f5550 nmethod 4286 0x0000022008c39810 code [0x0000022008c399c0, 0x0000022008c39b30]
Event: 7.838 Thread 0x000002201b2f5550 4287       2       org.springframework.core.annotation.MergedAnnotationsCollection::isDirectlyPresent (7 bytes)
Event: 7.838 Thread 0x000002201b2f5550 nmethod 4287 0x0000022008c39c10 code [0x0000022008c39da0, 0x0000022008c39ec8]
Event: 7.838 Thread 0x000002201b2f5550 4288       2       java.net.URI$Parser::checkChar (14 bytes)
Event: 7.839 Thread 0x000002201b2f5550 nmethod 4288 0x0000022008c39f90 code [0x0000022008c3a120, 0x0000022008c3a258]
Event: 7.839 Thread 0x000002201b2f5550 4289       2       org.springframework.core.io.FileSystemResource::equals (37 bytes)
Event: 7.839 Thread 0x000002201b2f5550 nmethod 4289 0x0000022008c3a310 code [0x0000022008c3a4c0, 0x0000022008c3a6a8]

GC Heap History (12 events):
Event: 1.681 GC heap before
{Heap before GC invocations=0 (full 0):
 garbage-first heap   total 63488K, used 24576K [0x00000000c3200000, 0x0000000100000000)
  region size 1024K, 23 young (23552K), 0 survivors (0K)
 Metaspace       used 6665K, committed 6912K, reserved 1114112K
  class space    used 775K, committed 896K, reserved 1048576K
}
Event: 1.690 GC heap after
{Heap after GC invocations=1 (full 0):
 garbage-first heap   total 63488K, used 7040K [0x00000000c3200000, 0x0000000100000000)
  region size 1024K, 3 young (3072K), 3 survivors (3072K)
 Metaspace       used 6665K, committed 6912K, reserved 1114112K
  class space    used 775K, committed 896K, reserved 1048576K
}
Event: 3.266 GC heap before
{Heap before GC invocations=1 (full 0):
 garbage-first heap   total 63488K, used 33664K [0x00000000c3200000, 0x0000000100000000)
  region size 1024K, 29 young (29696K), 3 survivors (3072K)
 Metaspace       used 13683K, committed 13952K, reserved 1114112K
  class space    used 1797K, committed 1920K, reserved 1048576K
}
Event: 3.272 GC heap after
{Heap after GC invocations=2 (full 0):
 garbage-first heap   total 63488K, used 9176K [0x00000000c3200000, 0x0000000100000000)
  region size 1024K, 2 young (2048K), 2 survivors (2048K)
 Metaspace       used 13683K, committed 13952K, reserved 1114112K
  class space    used 1797K, committed 1920K, reserved 1048576K
}
Event: 4.221 GC heap before
{Heap before GC invocations=2 (full 0):
 garbage-first heap   total 63488K, used 40920K [0x00000000c3200000, 0x0000000100000000)
  region size 1024K, 34 young (34816K), 2 survivors (2048K)
 Metaspace       used 20498K, committed 20800K, reserved 1114112K
  class space    used 2558K, committed 2688K, reserved 1048576K
}
Event: 4.229 GC heap after
{Heap after GC invocations=3 (full 0):
 garbage-first heap   total 63488K, used 12808K [0x00000000c3200000, 0x0000000100000000)
  region size 1024K, 5 young (5120K), 5 survivors (5120K)
 Metaspace       used 20498K, committed 20800K, reserved 1114112K
  class space    used 2558K, committed 2688K, reserved 1048576K
}
Event: 4.849 GC heap before
{Heap before GC invocations=3 (full 0):
 garbage-first heap   total 63488K, used 19976K [0x00000000c3200000, 0x0000000100000000)
  region size 1024K, 13 young (13312K), 5 survivors (5120K)
 Metaspace       used 21209K, committed 21504K, reserved 1114112K
  class space    used 2654K, committed 2816K, reserved 1048576K
}
Event: 4.858 GC heap after
{Heap after GC invocations=4 (full 0):
 garbage-first heap   total 63488K, used 14533K [0x00000000c3200000, 0x0000000100000000)
  region size 1024K, 2 young (2048K), 2 survivors (2048K)
 Metaspace       used 21209K, committed 21504K, reserved 1114112K
  class space    used 2654K, committed 2816K, reserved 1048576K
}
Event: 5.777 GC heap before
{Heap before GC invocations=5 (full 0):
 garbage-first heap   total 55296K, used 45253K [0x00000000c3200000, 0x0000000100000000)
  region size 1024K, 32 young (32768K), 2 survivors (2048K)
 Metaspace       used 25316K, committed 25600K, reserved 1114112K
  class space    used 3155K, committed 3264K, reserved 1048576K
}
Event: 5.782 GC heap after
{Heap after GC invocations=6 (full 0):
 garbage-first heap   total 55296K, used 16898K [0x00000000c3200000, 0x0000000100000000)
  region size 1024K, 4 young (4096K), 4 survivors (4096K)
 Metaspace       used 25316K, committed 25600K, reserved 1114112K
  class space    used 3155K, committed 3264K, reserved 1048576K
}
Event: 6.691 GC heap before
{Heap before GC invocations=6 (full 0):
 garbage-first heap   total 55296K, used 42498K [0x00000000c3200000, 0x0000000100000000)
  region size 1024K, 29 young (29696K), 4 survivors (4096K)
 Metaspace       used 29451K, committed 29952K, reserved 1114112K
  class space    used 3793K, committed 4032K, reserved 1048576K
}
Event: 6.700 GC heap after
{Heap after GC invocations=7 (full 0):
 garbage-first heap   total 55296K, used 18874K [0x00000000c3200000, 0x0000000100000000)
  region size 1024K, 3 young (3072K), 3 survivors (3072K)
 Metaspace       used 29451K, committed 29952K, reserved 1114112K
  class space    used 3793K, committed 4032K, reserved 1048576K
}

Dll operation events (13 events):
Event: 0.021 Loaded shared library C:\Program Files\Java\jdk-21\bin\java.dll
Event: 0.065 Loaded shared library C:\Program Files\Java\jdk-21\bin\jsvml.dll
Event: 0.168 Loaded shared library C:\Program Files\Java\jdk-21\bin\zip.dll
Event: 0.175 Loaded shared library C:\Program Files\Java\jdk-21\bin\instrument.dll
Event: 0.185 Loaded shared library C:\Program Files\Java\jdk-21\bin\net.dll
Event: 0.189 Loaded shared library C:\Program Files\Java\jdk-21\bin\nio.dll
Event: 0.195 Loaded shared library C:\Program Files\Java\jdk-21\bin\zip.dll
Event: 0.402 Loaded shared library C:\Program Files\JetBrains\IntelliJ IDEA Community Edition 2024.1.4\bin\breakgen64.dll
Event: 0.416 Loaded shared library C:\Program Files\Java\jdk-21\bin\extnet.dll
Event: 0.480 Loaded shared library C:\Program Files\Java\jdk-21\bin\jimage.dll
Event: 3.794 Loaded shared library C:\Program Files\Java\jdk-21\bin\sunmscapi.dll
Event: 7.456 Loaded shared library C:\Program Files\Java\jdk-21\bin\management.dll
Event: 7.460 Loaded shared library C:\Program Files\Java\jdk-21\bin\management_ext.dll

Deoptimization events (20 events):
Event: 7.501 Thread 0x000002207fd422a0 DEOPT PACKING pc=0x000002200ff55390 sp=0x0000006385dfdac0
Event: 7.501 Thread 0x000002207fd422a0 DEOPT UNPACKING pc=0x000002200f937da2 sp=0x0000006385dfda90 mode 2
Event: 7.501 Thread 0x000002207fd422a0 Uncommon trap: trap_request=0xffffffc6 fr.pc=0x000002200ff55390 relative=0x0000000000000610
Event: 7.501 Thread 0x000002207fd422a0 Uncommon trap: reason=bimorphic_or_optimized_type_check action=maybe_recompile pc=0x000002200ff55390 method=java.util.regex.Pattern$Start.match(Ljava/util/regex/Matcher;ILjava/lang/CharSequence;)Z @ 44 c2
Event: 7.501 Thread 0x000002207fd422a0 DEOPT PACKING pc=0x000002200ff55390 sp=0x0000006385dfdac0
Event: 7.501 Thread 0x000002207fd422a0 DEOPT UNPACKING pc=0x000002200f937da2 sp=0x0000006385dfda90 mode 2
Event: 7.672 Thread 0x000002207fd422a0 Uncommon trap: trap_request=0xffffff45 fr.pc=0x0000022010032128 relative=0x0000000000000408
Event: 7.672 Thread 0x000002207fd422a0 Uncommon trap: reason=unstable_if action=reinterpret pc=0x0000022010032128 method=org.springframework.boot.context.properties.source.ConfigurationPropertyName.getElement(ILorg/springframework/boot/context/properties/source/ConfigurationPropertyName$Form;)
Event: 7.672 Thread 0x000002207fd422a0 DEOPT PACKING pc=0x0000022010032128 sp=0x0000006385dfbcb0
Event: 7.672 Thread 0x000002207fd422a0 DEOPT UNPACKING pc=0x000002200f937da2 sp=0x0000006385dfbc78 mode 2
Event: 7.809 Thread 0x000002207fd422a0 DEOPT PACKING pc=0x000002200872a74b sp=0x0000006385dfccf0
Event: 7.809 Thread 0x000002207fd422a0 DEOPT UNPACKING pc=0x000002200f9388e2 sp=0x0000006385dfc1d8 mode 0
Event: 7.831 Thread 0x000002207fd422a0 DEOPT PACKING pc=0x000002200872a74b sp=0x0000006385dfcd60
Event: 7.831 Thread 0x000002207fd422a0 DEOPT UNPACKING pc=0x000002200f9388e2 sp=0x0000006385dfc248 mode 0
Event: 7.837 Thread 0x000002207fd422a0 DEOPT PACKING pc=0x000002200872a74b sp=0x0000006385dfcba0
Event: 7.837 Thread 0x000002207fd422a0 DEOPT UNPACKING pc=0x000002200f9388e2 sp=0x0000006385dfc098 mode 0
Event: 7.837 Thread 0x000002207fd422a0 DEOPT PACKING pc=0x000002200872a74b sp=0x0000006385dfcba0
Event: 7.837 Thread 0x000002207fd422a0 DEOPT UNPACKING pc=0x000002200f9388e2 sp=0x0000006385dfc098 mode 0
Event: 7.837 Thread 0x000002207fd422a0 DEOPT PACKING pc=0x000002200872a74b sp=0x0000006385dfcba0
Event: 7.837 Thread 0x000002207fd422a0 DEOPT UNPACKING pc=0x000002200f9388e2 sp=0x0000006385dfc098 mode 0

Classes loaded (20 events):
Event: 7.547 Loading class java/util/stream/SortedOps$SizedRefSortingSink
Event: 7.547 Loading class java/util/stream/SortedOps$SizedRefSortingSink done
Event: 7.561 Loading class javax/net/ssl/SSLException
Event: 7.562 Loading class javax/net/ssl/SSLException done
Event: 7.562 Loading class java/io/EOFException
Event: 7.562 Loading class java/io/EOFException done
Event: 7.575 Loading class java/nio/channels/CompletionHandler
Event: 7.575 Loading class java/nio/channels/CompletionHandler done
Event: 7.586 Loading class java/util/concurrent/ScheduledThreadPoolExecutor$ScheduledFutureTask
Event: 7.587 Loading class java/util/concurrent/ScheduledThreadPoolExecutor$ScheduledFutureTask done
Event: 7.587 Loading class java/util/concurrent/Executors$RunnableAdapter
Event: 7.587 Loading class java/util/concurrent/Executors$RunnableAdapter done
Event: 7.587 Loading class java/util/concurrent/ThreadPoolExecutor$Worker
Event: 7.587 Loading class java/util/concurrent/ThreadPoolExecutor$Worker done
Event: 7.598 Loading class jdk/internal/event/ThreadSleepEvent
Event: 7.598 Loading class jdk/internal/event/ThreadSleepEvent done
Event: 7.630 Loading class java/lang/ExceptionInInitializerError
Event: 7.631 Loading class java/lang/ExceptionInInitializerError done
Event: 7.785 Loading class javax/naming/Referenceable
Event: 7.792 Loading class javax/naming/Referenceable done

Classes unloaded (0 events):
No events

Classes redefined (0 events):
No events

Internal exceptions (20 events):
Event: 6.371 Thread 0x000002207fd422a0 Exception <a 'java/lang/NoSuchMethodError'{0x00000000c58566f0}: 'java.lang.Object java.lang.invoke.DirectMethodHandle$Holder.invokeStatic(java.lang.Object, java.lang.Object, java.lang.Object, java.lang.Object, int)'> (0x00000000c58566f0) 
thrown [s\open\src\hotspot\share\interpreter\linkResolver.cpp, line 773]
Event: 6.371 Thread 0x000002207fd422a0 Exception <a 'java/lang/NoSuchMethodError'{0x00000000c5860da8}: 'void java.lang.invoke.DelegatingMethodHandle$Holder.reinvoke_L(java.lang.Object, java.lang.Object, int)'> (0x00000000c5860da8) 
thrown [s\open\src\hotspot\share\interpreter\linkResolver.cpp, line 773]
Event: 6.446 Thread 0x000002207fd422a0 Exception <a 'java/lang/NoSuchMethodError'{0x00000000c554fd90}: 'java.lang.Object java.lang.invoke.DirectMethodHandle$Holder.invokeVirtual(java.lang.Object, java.lang.Object, java.lang.Object, java.lang.Object, java.lang.Object)'> (0x00000000c554fd90) 
thrown [s\open\src\hotspot\share\interpreter\linkResolver.cpp, line 773]
Event: 6.536 Thread 0x000002207fd422a0 Exception <a 'java/lang/NoSuchMethodError'{0x00000000c53fd770}: 'java.lang.Object java.lang.invoke.DirectMethodHandle$Holder.invokeVirtual(java.lang.Object, java.lang.Object, java.lang.Object, java.lang.Object, java.lang.Object, java.lang.Object)'> (0x00000000c53fd770) 
thrown [s\open\src\hotspot\share\interpreter\linkResolver.cpp, line 773]
Event: 6.577 Thread 0x000002207fd422a0 Exception <a 'java/lang/NoSuchMethodError'{0x00000000c512c500}: 'void java.lang.invoke.DirectMethodHandle$Holder.invokeInterface(java.lang.Object, java.lang.Object, int)'> (0x00000000c512c500) 
thrown [s\open\src\hotspot\share\interpreter\linkResolver.cpp, line 773]
Event: 6.580 Thread 0x000002207fd422a0 Exception <a 'java/lang/IncompatibleClassChangeError'{0x00000000c516e768}: Found class java.lang.Object, but interface was expected> (0x00000000c516e768) 
thrown [s\open\src\hotspot\share\interpreter\linkResolver.cpp, line 840]
Event: 6.581 Thread 0x000002207fd422a0 Exception <a 'java/lang/NoSuchMethodError'{0x00000000c517cb48}: 'int java.lang.invoke.DirectMethodHandle$Holder.invokeSpecialIFC(java.lang.Object, java.lang.Object, java.lang.Object)'> (0x00000000c517cb48) 
thrown [s\open\src\hotspot\share\interpreter\linkResolver.cpp, line 773]
Event: 6.583 Thread 0x000002207fd422a0 Exception <a 'java/lang/NoSuchMethodError'{0x00000000c5191908}: 'void java.lang.invoke.DirectMethodHandle$Holder.invokeStatic(java.lang.Object, int, java.lang.Object)'> (0x00000000c5191908) 
thrown [s\open\src\hotspot\share\interpreter\linkResolver.cpp, line 773]
Event: 6.589 Thread 0x000002207fd422a0 Exception <a 'java/lang/NoSuchMethodError'{0x00000000c51c6e18}: 'void java.lang.invoke.DirectMethodHandle$Holder.invokeStatic(java.lang.Object, java.lang.Object, java.lang.Object, int, java.lang.Object)'> (0x00000000c51c6e18) 
thrown [s\open\src\hotspot\share\interpreter\linkResolver.cpp, line 773]
Event: 6.589 Thread 0x000002207fd422a0 Exception <a 'java/lang/NoSuchMethodError'{0x00000000c51cd5d0}: 'java.lang.Object java.lang.invoke.DirectMethodHandle$Holder.newInvokeSpecial(java.lang.Object, java.lang.Object, java.lang.Object, int)'> (0x00000000c51cd5d0) 
thrown [s\open\src\hotspot\share\interpreter\linkResolver.cpp, line 773]
Event: 6.590 Thread 0x000002207fd422a0 Exception <a 'java/lang/NoSuchMethodError'{0x00000000c51d13c0}: 'java.lang.Object java.lang.invoke.DirectMethodHandle$Holder.invokeSpecial(java.lang.Object, java.lang.Object, java.lang.Object, java.lang.Object, int)'> (0x00000000c51d13c0) 
thrown [s\open\src\hotspot\share\interpreter\linkResolver.cpp, line 773]
Event: 6.590 Thread 0x000002207fd422a0 Exception <a 'java/lang/NoSuchMethodError'{0x00000000c51d4848}: 'java.lang.Object java.lang.invoke.Invokers$Holder.linkToTargetMethod(java.lang.Object, java.lang.Object, int, java.lang.Object)'> (0x00000000c51d4848) 
thrown [s\open\src\hotspot\share\interpreter\linkResolver.cpp, line 773]
Event: 7.230 Thread 0x000002207fd422a0 Exception <a 'java/lang/NoSuchMethodError'{0x00000000c67906c0}: 'java.lang.Object java.lang.invoke.DirectMethodHandle$Holder.invokeStaticInit(java.lang.Object, int, int, int, int)'> (0x00000000c67906c0) 
thrown [s\open\src\hotspot\share\interpreter\linkResolver.cpp, line 773]
Event: 7.260 Thread 0x000002207fd422a0 Exception <a 'java/lang/NoSuchMethodError'{0x00000000c66282e0}: 'java.lang.Object java.lang.invoke.DirectMethodHandle$Holder.invokeStaticInit(java.lang.Object, java.lang.Object, int, int, int, int)'> (0x00000000c66282e0) 
thrown [s\open\src\hotspot\share\interpreter\linkResolver.cpp, line 773]
Event: 7.389 Thread 0x000002207fd422a0 Exception <a 'java/lang/NoSuchMethodError'{0x00000000c6103d40}: 'int java.lang.invoke.DirectMethodHandle$Holder.invokeVirtual(java.lang.Object, java.lang.Object, java.lang.Object, java.lang.Object)'> (0x00000000c6103d40) 
thrown [s\open\src\hotspot\share\interpreter\linkResolver.cpp, line 773]
Event: 7.390 Thread 0x000002207fd422a0 Exception <a 'java/lang/NoSuchMethodError'{0x00000000c61075c0}: 'int java.lang.invoke.DelegatingMethodHandle$Holder.reinvoke_L(java.lang.Object, java.lang.Object, java.lang.Object, java.lang.Object)'> (0x00000000c61075c0) 
thrown [s\open\src\hotspot\share\interpreter\linkResolver.cpp, line 773]
Event: 7.477 Thread 0x000002207fd422a0 Exception <a 'java/io/FileNotFoundException'{0x00000000c5f4bef0}> (0x00000000c5f4bef0) 
thrown [s\open\src\hotspot\share\prims\jni.cpp, line 520]
Event: 7.519 Thread 0x000002207fd422a0 Exception <a 'java/lang/NoSuchMethodError'{0x00000000c5d20e50}: 'int java.lang.invoke.DirectMethodHandle$Holder.invokeInterface(java.lang.Object, java.lang.Object, java.lang.Object, java.lang.Object)'> (0x00000000c5d20e50) 
thrown [s\open\src\hotspot\share\interpreter\linkResolver.cpp, line 773]
Event: 7.576 Thread 0x000002207fd422a0 Exception <a 'java/lang/NoSuchMethodError'{0x00000000c5b123d8}: 'long java.lang.invoke.DirectMethodHandle$Holder.invokeVirtual(java.lang.Object, java.lang.Object)'> (0x00000000c5b123d8) 
thrown [s\open\src\hotspot\share\interpreter\linkResolver.cpp, line 773]
Event: 7.678 Thread 0x000002207fd422a0 Exception <a 'java/lang/NoSuchMethodError'{0x00000000c5615440}: 'java.lang.Object java.lang.invoke.DirectMethodHandle$Holder.newInvokeSpecial(java.lang.Object, java.lang.Object, java.lang.Object, java.lang.Object, java.lang.Object, java.lang.Object, java.lang.Object, java.lang.Object, java.lang.Object, java.lang.Object, java.lang.Object)'> (0x00000000c5615440) 
thrown [s\open\src\hotspot\share\interpreter\linkResolver.cpp, line 773]

ZGC Phase Switch (0 events):
No events

VM Operations (20 events):
Event: 7.377 Executing VM operation: HandshakeAllThreads (Deoptimize)
Event: 7.377 Executing VM operation: HandshakeAllThreads (Deoptimize) done
Event: 7.379 Executing VM operation: HandshakeAllThreads (Deoptimize)
Event: 7.379 Executing VM operation: HandshakeAllThreads (Deoptimize) done
Event: 7.434 Executing VM operation: HandshakeAllThreads (Deoptimize)
Event: 7.434 Executing VM operation: HandshakeAllThreads (Deoptimize) done
Event: 7.470 Executing VM operation: HandshakeAllThreads (Deoptimize)
Event: 7.470 Executing VM operation: HandshakeAllThreads (Deoptimize) done
Event: 7.543 Executing VM operation: HandshakeAllThreads (Deoptimize)
Event: 7.543 Executing VM operation: HandshakeAllThreads (Deoptimize) done
Event: 7.543 Executing VM operation: HandshakeAllThreads (Deoptimize)
Event: 7.543 Executing VM operation: HandshakeAllThreads (Deoptimize) done
Event: 7.583 Executing VM operation: HandshakeAllThreads (Deoptimize)
Event: 7.583 Executing VM operation: HandshakeAllThreads (Deoptimize) done
Event: 7.609 Executing VM operation: HandshakeAllThreads (Deoptimize)
Event: 7.609 Executing VM operation: HandshakeAllThreads (Deoptimize) done
Event: 7.647 Executing VM operation: ICBufferFull
Event: 7.647 Executing VM operation: ICBufferFull done
Event: 7.672 Executing VM operation: HandshakeAllThreads (Deoptimize)
Event: 7.672 Executing VM operation: HandshakeAllThreads (Deoptimize) done

Events (19 events):
Event: 0.044 Thread 0x000002207fd422a0 Thread added: 0x000002207fd422a0
Event: 0.061 Thread 0x000002201b2dfee0 Thread added: 0x000002201b2dfee0
Event: 0.062 Thread 0x000002201b2e0db0 Thread added: 0x000002201b2e0db0
Event: 0.062 Thread 0x000002201b2e44f0 Thread added: 0x000002201b2e44f0
Event: 0.062 Thread 0x000002201b2e8f60 Thread added: 0x000002201b2e8f60
Event: 0.062 Thread 0x000002201b2ea4c0 Thread added: 0x000002201b2ea4c0
Event: 0.062 Thread 0x000002201b2ed540 Thread added: 0x000002201b2ed540
Event: 0.062 Thread 0x000002201b2f4420 Thread added: 0x000002201b2f4420
Event: 0.062 Thread 0x000002201b2f5550 Thread added: 0x000002201b2f5550
Event: 0.140 Thread 0x000002201b5305f0 Thread added: 0x000002201b5305f0
Event: 0.403 Thread 0x000002201b8882c0 Thread added: 0x000002201b8882c0
Event: 0.403 Thread 0x000002201b88c610 Thread added: 0x000002201b88c610
Event: 2.461 Thread 0x0000022061a48c70 Thread added: 0x0000022061a48c70
Event: 3.824 Thread 0x0000022061a48c70 Thread exited: 0x0000022061a48c70
Event: 4.048 Thread 0x000002206224a820 Thread added: 0x000002206224a820
Event: 4.118 Thread 0x000002206224a820 Thread exited: 0x000002206224a820
Event: 7.589 Thread 0x00000220633f87c0 Thread added: 0x00000220633f87c0
Event: 7.590 Thread 0x00000220633f8e30 Thread added: 0x00000220633f8e30
Event: 7.598 Thread 0x00000220615eaeb0 Thread added: 0x00000220615eaeb0


Dynamic libraries:
0x00007ff7b29d0000 - 0x00007ff7b29e0000 	C:\Program Files\Java\jdk-21\bin\java.exe
0x00007ffed0f10000 - 0x00007ffed1127000 	C:\WINDOWS\SYSTEM32\ntdll.dll
0x00007ffecf320000 - 0x00007ffecf3e4000 	C:\WINDOWS\System32\KERNEL32.DLL
0x00007ffece6a0000 - 0x00007ffecea4d000 	C:\WINDOWS\System32\KERNELBASE.dll
0x00007ffece580000 - 0x00007ffece691000 	C:\WINDOWS\System32\ucrtbase.dll
0x00007ffecb0c0000 - 0x00007ffecb0db000 	C:\Program Files\Java\jdk-21\bin\VCRUNTIME140.dll
0x00007ffec44d0000 - 0x00007ffec44e9000 	C:\Program Files\Java\jdk-21\bin\jli.dll
0x00007ffed0260000 - 0x00007ffed0312000 	C:\WINDOWS\System32\ADVAPI32.dll
0x00007ffecf3f0000 - 0x00007ffecf497000 	C:\WINDOWS\System32\msvcrt.dll
0x00007ffed0570000 - 0x00007ffed0619000 	C:\WINDOWS\System32\sechost.dll
0x00007ffecea50000 - 0x00007ffecea78000 	C:\WINDOWS\System32\bcrypt.dll
0x00007ffed0140000 - 0x00007ffed0254000 	C:\WINDOWS\System32\RPCRT4.dll
0x00007ffecf4c0000 - 0x00007ffecf66e000 	C:\WINDOWS\System32\USER32.dll
0x00007ffecea80000 - 0x00007ffeceaa6000 	C:\WINDOWS\System32\win32u.dll
0x00007ffeb0e70000 - 0x00007ffeb1103000 	C:\WINDOWS\WinSxS\amd64_microsoft.windows.common-controls_6595b64144ccf1df_6.0.22621.3672_none_2713b9d173822955\COMCTL32.dll
0x00007ffed0620000 - 0x00007ffed0649000 	C:\WINDOWS\System32\GDI32.dll
0x00007ffeceab0000 - 0x00007ffecebc9000 	C:\WINDOWS\System32\gdi32full.dll
0x00007ffece3a0000 - 0x00007ffece43a000 	C:\WINDOWS\System32\msvcp_win.dll
0x00007ffec3810000 - 0x00007ffec381a000 	C:\WINDOWS\SYSTEM32\VERSION.dll
0x00007ffecf2e0000 - 0x00007ffecf311000 	C:\WINDOWS\System32\IMM32.DLL
0x00007ffec45b0000 - 0x00007ffec45bc000 	C:\Program Files\Java\jdk-21\bin\vcruntime140_1.dll
0x00007ffeb8b10000 - 0x00007ffeb8b9e000 	C:\Program Files\Java\jdk-21\bin\msvcp140.dll
0x00007ffe727f0000 - 0x00007ffe73503000 	C:\Program Files\Java\jdk-21\bin\server\jvm.dll
0x00007ffed0970000 - 0x00007ffed09e1000 	C:\WINDOWS\System32\WS2_32.dll
0x00007ffecdf40000 - 0x00007ffecdf8d000 	C:\WINDOWS\SYSTEM32\POWRPROF.dll
0x00007ffec5820000 - 0x00007ffec5854000 	C:\WINDOWS\SYSTEM32\WINMM.dll
0x00007ffecde70000 - 0x00007ffecde83000 	C:\WINDOWS\SYSTEM32\UMPDC.dll
0x00007ffecd260000 - 0x00007ffecd278000 	C:\WINDOWS\SYSTEM32\kernel.appcore.dll
0x00007ffec4590000 - 0x00007ffec459a000 	C:\Program Files\Java\jdk-21\bin\jimage.dll
0x00007ffecbb60000 - 0x00007ffecbd92000 	C:\WINDOWS\SYSTEM32\DBGHELP.DLL
0x00007ffeceda0000 - 0x00007ffecf12d000 	C:\WINDOWS\System32\combase.dll
0x00007ffed0670000 - 0x00007ffed0747000 	C:\WINDOWS\System32\OLEAUT32.dll
0x00007ffec3a00000 - 0x00007ffec3a32000 	C:\WINDOWS\SYSTEM32\dbgcore.DLL
0x00007ffece440000 - 0x00007ffece4bb000 	C:\WINDOWS\System32\bcryptPrimitives.dll
0x00007ffeab9e0000 - 0x00007ffeab9ef000 	C:\Program Files\Java\jdk-21\bin\instrument.dll
0x00007ffeb8c70000 - 0x00007ffeb8c8f000 	C:\Program Files\Java\jdk-21\bin\java.dll
0x00007ffecf670000 - 0x00007ffecfed8000 	C:\WINDOWS\System32\SHELL32.dll
0x00007ffecc180000 - 0x00007ffecca7e000 	C:\WINDOWS\SYSTEM32\windows.storage.dll
0x00007ffecc040000 - 0x00007ffecc17f000 	C:\WINDOWS\SYSTEM32\wintypes.dll
0x00007ffecec40000 - 0x00007ffeced39000 	C:\WINDOWS\System32\SHCORE.dll
0x00007ffed09f0000 - 0x00007ffed0a4e000 	C:\WINDOWS\System32\shlwapi.dll
0x00007ffece160000 - 0x00007ffece181000 	C:\WINDOWS\SYSTEM32\profapi.dll
0x00007ffead030000 - 0x00007ffead107000 	C:\Program Files\Java\jdk-21\bin\jsvml.dll
0x00007ffeb7130000 - 0x00007ffeb7148000 	C:\Program Files\Java\jdk-21\bin\zip.dll
0x00007ffec4570000 - 0x00007ffec4580000 	C:\Program Files\Java\jdk-21\bin\net.dll
0x00007ffec5de0000 - 0x00007ffec5f16000 	C:\WINDOWS\SYSTEM32\WINHTTP.dll
0x00007ffecd6d0000 - 0x00007ffecd739000 	C:\WINDOWS\system32\mswsock.dll
0x00007ffeb82b0000 - 0x00007ffeb82c6000 	C:\Program Files\Java\jdk-21\bin\nio.dll
0x00007ffea4f00000 - 0x00007ffea4f1a000 	C:\Program Files\JetBrains\IntelliJ IDEA Community Edition 2024.1.4\bin\breakgen64.dll
0x00007ffeb8d60000 - 0x00007ffeb8d69000 	C:\Program Files\Java\jdk-21\bin\extnet.dll
0x00007ffebcbe0000 - 0x00007ffebcbee000 	C:\Program Files\Java\jdk-21\bin\sunmscapi.dll
0x00007ffece230000 - 0x00007ffece397000 	C:\WINDOWS\System32\CRYPT32.dll
0x00007ffecdb60000 - 0x00007ffecdb8e000 	C:\WINDOWS\SYSTEM32\ncrypt.dll
0x00007ffecdb20000 - 0x00007ffecdb57000 	C:\WINDOWS\SYSTEM32\NTASN1.dll
0x00007ffecd9b0000 - 0x00007ffecd9cb000 	C:\WINDOWS\SYSTEM32\CRYPTSP.dll
0x00007ffecd1c0000 - 0x00007ffecd1f5000 	C:\WINDOWS\system32\rsaenh.dll
0x00007ffecd840000 - 0x00007ffecd868000 	C:\WINDOWS\SYSTEM32\USERENV.dll
0x00007ffecd9a0000 - 0x00007ffecd9ac000 	C:\WINDOWS\SYSTEM32\CRYPTBASE.dll
0x00007ffeccd20000 - 0x00007ffeccd4d000 	C:\WINDOWS\SYSTEM32\IPHLPAPI.DLL
0x00007ffecfee0000 - 0x00007ffecfee9000 	C:\WINDOWS\System32\NSI.dll
0x00007ffec4490000 - 0x00007ffec449a000 	C:\Program Files\Java\jdk-21\bin\management.dll
0x00007ffec39c0000 - 0x00007ffec39cb000 	C:\Program Files\Java\jdk-21\bin\management_ext.dll
0x00007ffed00b0000 - 0x00007ffed00b8000 	C:\WINDOWS\System32\PSAPI.DLL

dbghelp: loaded successfully - version: 4.0.5 - missing functions: none
symbol engine: initialized successfully - sym options: 0x614 - pdb path: .;C:\Program Files\Java\jdk-21\bin;C:\WINDOWS\SYSTEM32;C:\WINDOWS\WinSxS\amd64_microsoft.windows.common-controls_6595b64144ccf1df_6.0.22621.3672_none_2713b9d173822955;C:\Program Files\Java\jdk-21\bin\server;C:\Program Files\JetBrains\IntelliJ IDEA Community Edition 2024.1.4\bin

VM Arguments:
jvm_args: -javaagent:C:\Program Files\JetBrains\IntelliJ IDEA Community Edition 2024.1.4\lib\idea_rt.jar=64778:C:\Program Files\JetBrains\IntelliJ IDEA Community Edition 2024.1.4\bin -Dfile.encoding=UTF-8 -Dsun.stdout.encoding=UTF-8 -Dsun.stderr.encoding=UTF-8 
java_command: com.riwi.artemisa.ArtemisaEcommerceApiApplication
java_class_path (initial): C:\Users\sjzab\Desktop\proyecto-artemisa\Artemisa-E-commerce-bc\target\classes;C:\Users\sjzab\.m2\repository\org\springframework\boot\spring-boot-starter-data-jpa\3.3.3\spring-boot-starter-data-jpa-3.3.3.jar;C:\Users\sjzab\.m2\repository\org\springframework\boot\spring-boot-starter-aop\3.3.3\spring-boot-starter-aop-3.3.3.jar;C:\Users\sjzab\.m2\repository\org\springframework\spring-aop\6.1.12\spring-aop-6.1.12.jar;C:\Users\sjzab\.m2\repository\org\aspectj\aspectjweaver\1.9.22.1\aspectjweaver-1.9.22.1.jar;C:\Users\sjzab\.m2\repository\org\springframework\boot\spring-boot-starter-jdbc\3.3.3\spring-boot-starter-jdbc-3.3.3.jar;C:\Users\sjzab\.m2\repository\com\zaxxer\HikariCP\5.1.0\HikariCP-5.1.0.jar;C:\Users\sjzab\.m2\repository\org\springframework\spring-jdbc\6.1.12\spring-jdbc-6.1.12.jar;C:\Users\sjzab\.m2\repository\org\hibernate\orm\hibernate-core\6.5.2.Final\hibernate-core-6.5.2.Final.jar;C:\Users\sjzab\.m2\repository\jakarta\persistence\jakarta.persistence-api\3.1.0\jakarta.persistence-api-3.1.0.jar;C:\Users\sjzab\.m2\repository\jakarta\transaction\jakarta.transaction-api\2.0.1\jakarta.transaction-api-2.0.1.jar;C:\Users\sjzab\.m2\repository\org\jboss\logging\jboss-logging\3.5.3.Final\jboss-logging-3.5.3.Final.jar;C:\Users\sjzab\.m2\repository\org\hibernate\common\hibernate-commons-annotations\6.0.6.Final\hibernate-commons-annotations-6.0.6.Final.jar;C:\Users\sjzab\.m2\repository\io\smallrye\jandex\3.1.2\jandex-3.1.2.jar;C:\Users\sjzab\.m2\repository\com\fasterxml\classmate\1.7.0\classmate-1.7.0.jar;C:\Users\sjzab\.m2\repository\net\bytebuddy\byte-buddy\1.14.19\byte-buddy-1.14.19.jar;C:\Users\sjzab\.m2\repository\org\glassfish\jaxb\jaxb-runtime\4.0.5\jaxb-runtime-4.0.5.jar;C:\Users\sjzab\.m2\repository\org\glassfish\jaxb\jaxb-core\4.0.5\jaxb-core-4.0.5.jar;C:\Users\sjzab\.m2\repository\org\eclipse\angus\angus-activation\2.0.2\angus-activation-2.0.2.jar;C:\Users\sjzab\.m2\repository\org\glassfish\jaxb\txw2\4.0.5\txw2-4.0.5.jar;C:\Users\sjzab\.m2\repository\com\sun\istack\istack-commons-runtime\4.1.2\istack-commons-runtime-4.1.2.jar;C:\Users\sjzab\.m2\repository\jakarta\inject\jakarta.inject-api\2.0.1\jakarta.inject-api-2.0.1.jar;C:\Users\sjzab\.m2\repository\org\antlr\antlr4-runtime\4.13.0\antlr4-runtime-4.13.0.jar;C:\Users\sjzab\.m2\repository\org\springframework\data\spring-data-jpa\3.3.3\spring-data-jpa-3.3.3.jar;C:\Users\sjzab\.m2\repository\org\springframework\data\spring-data-commons\3.3.3\spring-data-commons-3.3.3.jar;C:\Users\sjzab\.m2\repository\org\springframework\spring-orm\6.1.12\spring-orm-6.1.12.jar;C:\Users\sjzab\.m2\repository\org\springframework\spring-context\6.1.12\spring-context-6.1.12.jar;C:\Users\sjzab\.m2\repository\org\springframework\spring-tx\6.1.12\spring-tx-6.1.12.jar;C:\Users\sjzab\.m2\repository\org\springframework\spring-beans\6.1.12\spring-beans-6.1.12.jar;C:\Users\sjzab\.m2\repository\jakarta\annotation\jakarta.annotation-api\2.1.1\jakarta.annotation-api-2.1.1.jar;C:\Users\sjzab\.m2\repository\org\slf4j\slf4j-api\2.0.16\slf4j-api-2.0.16.jar;C:\Users\sjzab\.m2\repository\org\springframework\spring-aspects\6.1.12\spring-aspects-6.1.12.jar;C:\Users\sjzab\.m2\repository\org\springframework\boot\spring-boot-starter-validation\3.3.3\spring-boot-starter-validation-3.3.3.jar;C:\Users\sjzab\.m2\repository\org\springframework\boot\spring-boot-starter\3.3.3\spring-boot-starter-3.3.3.jar;C:\Users\sjzab\.m2\repository\org\springframework\boot\spring-boot\3.3.3\spring-boot-3.3.3.jar;C:\Users\sjzab\.m2\repository\org\springframework\boot\spring-boot-autoconfigure\3.3.3\spring-boot-autoconfigure-3.3.3.jar;C:\Users\sjzab\.m2\repository\org\springframework\boot\spring-boot-starter-logging\3.3.3\spring-boot-starter-logging-3.3.3.jar;C:\Users\sjzab\.m2\repository\ch\qos\logback\logback-classic\1.5.7\logback-classic-1.5.7.jar;C:\Users\sjzab\.m2\repository\ch\qos\logback\logback-core\1.5.7\logback-core-1.5.7.jar;C:\Users\sjzab\.m2\repository\org\apache\logging\log4j\log4j-to-slf4j\2.23.1\log4j-to-slf4j-2.23.1.jar;C:\Users\sjzab\.m2\repository\org\apache\logging\log4j\log4j-api\2.23.1\log4j-api-2.23.1.jar;C:\Users\sjzab\.m2\repository\org\slf4j\jul-to-slf4j\2.0.16\jul-to-slf4j-2.0.16.jar;C:\Users\sjzab\.m2\repository\org\yaml\snakeyaml\2.2\snakeyaml-2.2.jar;C:\Users\sjzab\.m2\repository\org\apache\tomcat\embed\tomcat-embed-el\10.1.28\tomcat-embed-el-10.1.28.jar;C:\Users\sjzab\.m2\repository\org\hibernate\validator\hibernate-validator\8.0.1.Final\hibernate-validator-8.0.1.Final.jar;C:\Users\sjzab\.m2\repository\jakarta\validation\jakarta.validation-api\3.0.2\jakarta.validation-api-3.0.2.jar;C:\Users\sjzab\.m2\repository\org\springframework\boot\spring-boot-starter-web\3.3.3\spring-boot-starter-web-3.3.3.jar;C:\Users\sjzab\.m2\repository\org\springframework\boot\spring-boot-starter-json\3.3.3\spring-boot-starter-json-3.3.3.jar;C:\Users\sjzab\.m2\repository\com\fasterxml\jackson\core\jackson-databind\2.17.2\jackson-databind-2.17.2.jar;C:\Users\sjzab\.m2\repository\com\fasterxml\jackson\core\jackson-annotations\2.17.2\jackson-annotations-2.17.2.jar;C:\Users\sjzab\.m2\repository\com\fasterxml\jackson\core\jackson-core\2.17.2\jackson-core-2.17.2.jar;C:\Users\sjzab\.m2\repository\com\fasterxml\jackson\datatype\jackson-datatype-jdk8\2.17.2\jackson-datatype-jdk8-2.17.2.jar;C:\Users\sjzab\.m2\repository\com\fasterxml\jackson\datatype\jackson-datatype-jsr310\2.17.2\jackson-datatype-jsr310-2.17.2.jar;C:\Users\sjzab\.m2\repository\com\fasterxml\jackson\module\jackson-module-parameter-names\2.17.2\jackson-module-parameter-names-2.17.2.jar;C:\Users\sjzab\.m2\repository\org\springframework\boot\spring-boot-starter-tomcat\3.3.3\spring-boot-starter-tomcat-3.3.3.jar;C:\Users\sjzab\.m2\repository\org\apache\tomcat\embed\tomcat-embed-core\10.1.28\tomcat-embed-core-10.1.28.jar;C:\Users\sjzab\.m2\repository\org\apache\tomcat\embed\tomcat-embed-websocket\10.1.28\tomcat-embed-websocket-10.1.28.jar;C:\Users\sjzab\.m2\repository\org\springframework\spring-web\6.1.12\spring-web-6.1.12.jar;C:\Users\sjzab\.m2\repository\io\micrometer\micrometer-observation\1.13.3\micrometer-observation-1.13.3.jar;C:\Users\sjzab\.m2\repository\io\micrometer\micrometer-commons\1.13.3\micrometer-commons-1.13.3.jar;C:\Users\sjzab\.m2\repository\org\springframework\spring-webmvc\6.1.12\spring-webmvc-6.1.12.jar;C:\Users\sjzab\.m2\repository\org\springframework\spring-expression\6.1.12\spring-expression-6.1.12.jar;C:\Users\sjzab\.m2\repository\org\postgresql\postgresql\42.7.3\postgresql-42.7.3.jar;C:\Users\sjzab\.m2\repository\org\checkerframework\checker-qual\3.42.0\checker-qual-3.42.0.jar;C:\Users\sjzab\.m2\repository\jakarta\xml\bind\jakarta.xml.bind-api\4.0.2\jakarta.xml.bind-api-4.0.2.jar;C:\Users\sjzab\.m2\repository\jakarta\activation\jakarta.activation-api\2.1.3\jakarta.activation-api-2.1.3.jar;C:\Users\sjzab\.m2\repository\org\springframework\spring-core\6.1.12\spring-core-6.1.12.jar;C:\Users\sjzab\.m2\repository\org\springframework\spring-jcl\6.1.12\spring-jcl-6.1.12.jar;C:\Users\sjzab\.m2\repository\org\mapstruct\mapstruct\1.6.0\mapstruct-1.6.0.jar;C:\Users\sjzab\.m2\repository\org\springdoc\springdoc-openapi-starter-webmvc-ui\2.6.0\springdoc-openapi-starter-webmvc-ui-2.6.0.jar;C:\Users\sjzab\.m2\repository\org\springdoc\springdoc-openapi-starter-webmvc-api\2.6.0\springdoc-openapi-starter-webmvc-api-2.6.0.jar;C:\Users\sjzab\.m2\repository\org\springdoc\springdoc-openapi-starter-common\2.6.0\springdoc-openapi-starter-common-2.6.0.jar;C:\Users\sjzab\.m2\repository\io\swagger\core\v3\swagger-core-jakarta\2.2.22\swagger-core-jakarta-2.2.22.jar;C:\Users\sjzab\.m2\repository\org\apache\commons\commons-lang3\3.14.0\commons-lang3-3.14.0.jar;C:\Users\sjzab\.m2\repository\io\swagger\core\v3\swagger-annotations-jakarta\2.2.22\swagger-annotations-jakarta-2.2.22.jar;C:\Users\sjzab\.m2\repository\io\swagger\core\v3\swagger-models-jakarta\2.2.22\swagger-models-jakarta-2.2.22.jar;C:\Users\sjzab\.m2\repository\com\fasterxml\jackson\dataformat\jackson-dataformat-yaml\2.17.2\jackson-dataformat-yaml-2.17.2.jar;C:\Users\sjzab\.m2\repository\org\webjars\swagger-ui\5.17.14\swagger-ui-5.17.14.jar
Launcher Type: SUN_STANDARD

[Global flags]
     intx CICompilerCount                          = 4                                         {product} {ergonomic}
     uint ConcGCThreads                            = 2                                         {product} {ergonomic}
     uint G1ConcRefinementThreads                  = 8                                         {product} {ergonomic}
   size_t G1HeapRegionSize                         = 1048576                                   {product} {ergonomic}
    uintx GCDrainStackTargetSize                   = 64                                        {product} {ergonomic}
   size_t InitialHeapSize                          = 65011712                                  {product} {ergonomic}
   size_t MarkStackSize                            = 4194304                                   {product} {ergonomic}
   size_t MaxHeapSize                              = 1021313024                                {product} {ergonomic}
   size_t MaxNewSize                               = 612368384                                 {product} {ergonomic}
   size_t MinHeapDeltaBytes                        = 1048576                                   {product} {ergonomic}
   size_t MinHeapSize                              = 8388608                                   {product} {ergonomic}
    uintx NonNMethodCodeHeapSize                   = 5839372                                {pd product} {ergonomic}
    uintx NonProfiledCodeHeapSize                  = 122909434                              {pd product} {ergonomic}
    uintx ProfiledCodeHeapSize                     = 122909434                              {pd product} {ergonomic}
    uintx ReservedCodeCacheSize                    = 251658240                              {pd product} {ergonomic}
     bool SegmentedCodeCache                       = true                                      {product} {ergonomic}
   size_t SoftMaxHeapSize                          = 1021313024                             {manageable} {ergonomic}
     bool UseCompressedOops                        = true                           {product lp64_product} {ergonomic}
     bool UseG1GC                                  = true                                      {product} {ergonomic}
     bool UseLargePagesIndividualAllocation        = false                                  {pd product} {ergonomic}

Logging:
Log output configuration:
 #0: stdout all=warning uptime,level,tags foldmultilines=false
 #1: stderr all=off uptime,level,tags foldmultilines=false

Environment Variables:
PATH=C:\Program Files\Common Files\Oracle\Java\javapath;C:\WINDOWS\system32;C:\WINDOWS;C:\WINDOWS\System32\Wbem;C:\WINDOWS\System32\WindowsPowerShell\v1.0\;C:\WINDOWS\System32\OpenSSH\;C:\Program Files\Git\cmd;C:\Program Files\nodejs\;C:\Users\sjzab\AppData\Local\Microsoft\WindowsApps;C:\Users\sjzab\AppData\Local\Programs\Microsoft VS Code\bin;C:\Users\sjzab\AppData\Roaming\npm;C:\Users\sjzab\AppData\Local\Microsoft\WinGet\Packages\Schniz.fnm_Microsoft.Winget.Source_8wekyb3d8bbwe;
USERNAME=sjzab
OS=Windows_NT
PROCESSOR_IDENTIFIER=Intel64 Family 6 Model 126 Stepping 5, GenuineIntel
TMP=C:\Users\sjzab\AppData\Local\Temp
TEMP=C:\Users\sjzab\AppData\Local\Temp




Periodic native trim disabled

---------------  S Y S T E M  ---------------

OS:
 Windows 11 , 64 bit Build 22621 (10.0.22621.3958)
OS uptime: 5 days 15:18 hours

CPU: total 8 (initial active 8) (4 cores per cpu, 2 threads per core) family 6 model 126 stepping 5 microcode 0x86, cx8, cmov, fxsr, ht, mmx, 3dnowpref, sse, sse2, sse3, ssse3, sse4.1, sse4.2, popcnt, lzcnt, tsc, tscinvbit, avx, avx2, aes, erms, clmul, bmi1, bmi2, adx, avx512f, avx512dq, avx512cd, avx512bw, avx512vl, sha, fma, vzeroupper, avx512_vpopcntdq, avx512_vpclmulqdq, avx512_vaes, avx512_vnni, clflush, clflushopt, avx512_vbmi2, avx512_vbmi, rdtscp, rdpid, fsrm, gfni, avx512_bitalg, f16c, pku, avx512_ifma
Processor Information for all 8 processors :
  Max Mhz: 1498, Current Mhz: 1098, Mhz Limit: 1093

Memory: 4k page, system-wide physical 3891M (203M free)
TotalPageFile size 15667M (AvailPageFile size 2M)
current process WorkingSet (physical memory assigned to process): 178M, peak: 180M
current process commit charge ("private bytes"): 219M, peak: 221M

vm_info: Java HotSpot(TM) 64-Bit Server VM (21.0.4+8-LTS-274) for windows-amd64 JRE (21.0.4+8-LTS-274), built on 2024-06-05T05:23:33Z by "mach5one" with MS VC++ 17.6 (VS2022)

END.
